<?xml version="1.0" encoding="UTF-8"?>
<!-- Generated by org.testng.reporters.JUnitXMLReporter -->
<testsuite ignored="0" hostname="IBM-D3SMC64" failures="0" tests="4" name="Default test" time="10.222" errors="0" timestamp="2025-05-28T14:34:27 IST">
  <testcase classname="TestAPI2" name="AddPetDetails" time="4.754"/>
  <testcase classname="TestAPI2" name="UpdatePetStatus" time="1.683"/>
  <testcase classname="TestAPI2" name="GetPetById" time="2.066"/>
  <testcase classname="TestAPI2" name="DeletePetById" time="1.613"/>
</testsuite> <!-- Default test -->
